<?xml version="1.0" encoding="UTF-8"?>
<!-- Generated by org.testng.reporters.JUnitReportReporter -->
<testsuite skipped="0" hostname="RITESH-PC" name="TestNGPackage.DemoTestNG" tests="4" failures="0" timestamp="29 Oct 2020 09:45:33 GMT" time="0.069" errors="0">
  <testcase name="closeApp" time="0.062" classname="TestNGPackage.DemoTestNG"/>
  <testcase name="launchApp" time="0.003" classname="TestNGPackage.DemoTestNG"/>
  <testcase name="loginApp" time="0.002" classname="TestNGPackage.DemoTestNG"/>
  <testcase name="regApp" time="0.002" classname="TestNGPackage.DemoTestNG"/>
</testsuite> <!-- TestNGPackage.DemoTestNG -->
