<?xml version="1.0" encoding="UTF-8"?>
<!-- Generated by org.testng.reporters.JUnitReportReporter -->
<testsuite skipped="0" hostname="RITESH-PC" name="TestNGPackage.FirstTestNGProgram" tests="3" failures="0" timestamp="21 Oct 2020 10:39:03 GMT" time="0.019" errors="0">
  <testcase name="loginTest" time="0.013" classname="TestNGPackage.FirstTestNGProgram"/>
  <testcase name="receiveMail" time="0.002" classname="TestNGPackage.FirstTestNGProgram"/>
  <testcase name="sendMail" time="0.004" classname="TestNGPackage.FirstTestNGProgram"/>
</testsuite> <!-- TestNGPackage.FirstTestNGProgram -->
