<?xml version="1.0" encoding="UTF-8"?>
<!-- Generated by org.testng.reporters.JUnitReportReporter -->
<testsuite skipped="0" hostname="RITESH-PC" name="TestNGPackage.EnabledTestNG" tests="6" failures="0" timestamp="29 Oct 2020 09:55:08 GMT" time="0.031" errors="0">
  <testcase name="launchBrowser" time="0.017" classname="TestNGPackage.EnabledTestNG"/>
  <testcase name="loginTest" time="0.002" classname="TestNGPackage.EnabledTestNG"/>
  <testcase name="sendMail" time="0.004" classname="TestNGPackage.EnabledTestNG"/>
  <testcase name="receiveMail" time="0.002" classname="TestNGPackage.EnabledTestNG"/>
  <testcase name="logoutTest" time="0.002" classname="TestNGPackage.EnabledTestNG"/>
  <testcase name="closeApplication" time="0.004" classname="TestNGPackage.EnabledTestNG"/>
</testsuite> <!-- TestNGPackage.EnabledTestNG -->
