<?xml version="1.0" encoding="UTF-8"?>
<!-- Generated by org.testng.reporters.JUnitReportReporter -->
<testsuite skipped="0" hostname="RITESH-PC" name="TestNGPackage.AnnotationsInTestNG" tests="1" failures="0" timestamp="21 Oct 2020 10:34:36 GMT" time="0.009" errors="0">
  <testcase name="test" time="0.009" classname="TestNGPackage.AnnotationsInTestNG"/>
</testsuite> <!-- TestNGPackage.AnnotationsInTestNG -->
