<?xml version="1.0" encoding="UTF-8"?>
<!-- Generated by org.testng.reporters.JUnitReportReporter -->
<testsuite skipped="0" hostname="RITESH-PC" name="TestNGPackage.SomePrioritiseAndSomeNonPrioritise" tests="5" failures="0" timestamp="21 Oct 2020 10:43:54 GMT" time="0.034" errors="0">
  <testcase name="updateApp" time="0.002" classname="TestNGPackage.SomePrioritiseAndSomeNonPrioritise"/>
  <testcase name="loginApp" time="0.028" classname="TestNGPackage.SomePrioritiseAndSomeNonPrioritise"/>
  <testcase name="launchApp" time="0.002" classname="TestNGPackage.SomePrioritiseAndSomeNonPrioritise"/>
  <testcase name="regApp" time="0.001" classname="TestNGPackage.SomePrioritiseAndSomeNonPrioritise"/>
  <testcase name="closeApp" time="0.001" classname="TestNGPackage.SomePrioritiseAndSomeNonPrioritise"/>
</testsuite> <!-- TestNGPackage.SomePrioritiseAndSomeNonPrioritise -->
